#
# A fatal error has been detected by the Java Runtime Environment:
#
#  SIGSEGV (0xb) at pc=0x00007f45a6005060, pid=5926, tid=0x00007f45fb23a700
#
# JRE version: OpenJDK Runtime Environment (8.0_76-b03) (build 1.8.0_76-release-b03)
# Java VM: OpenJDK 64-Bit Server VM (25.76-b03 mixed mode linux-amd64 compressed oops)
# Problematic frame:
# C  0x00007f45a6005060
#
# Failed to write core dump. Core dumps have been disabled. To enable core dumping, try "ulimit -c unlimited" before starting Java again
#
# If you would like to submit a bug report, please visit:
#   http://bugreport.java.com/bugreport/crash.jsp
#

---------------  T H R E A D  ---------------

Current thread (0x00007f45f400a000):  JavaThread "main" [_thread_in_Java, id=5927, stack(0x00007f45fb13a000,0x00007f45fb23b000)]

siginfo: si_signo: 11 (SIGSEGV), si_code: 2 (SEGV_ACCERR), si_addr: 0x00007f45a6005060

Registers:
RAX=0x00007f45d5d4b698, RBX=0x00007f45d5d4b698, RCX=0x00000000ebb42c88, RDX=0x0000000000000001
RSP=0x00007f45fb239378, RBP=0x00007f45fb2393e8, RSI=0x00000000ebb42c88, RDI=0x000000010008a270
R8 =0x00000000ebb7a820, R9 =0x00000000c0001650, R10=0x00007f45fa623260, R11=0x00007f45e5423640
R12=0x0000000000000000, R13=0x00007f45fb239388, R14=0x00007f45d5e35f10, R15=0x00007f45f400a000
RIP=0x00007f45a6005060, EFLAGS=0x0000000000010202, CSGSFS=0x0000000000000033, ERR=0x0000000000000014
  TRAPNO=0x000000000000000e

Top of Stack: (sp=0x00007f45fb239378)
0x00007f45fb239378:   00007f45e5007710 00007f45e5007710
0x00007f45fb239388:   0000000000000001 00000000ebb42c88
0x00007f45fb239398:   0000000000000b9c 00000000eb083cd0
0x00007f45fb2393a8:   00007f45fb2393a8 00007f45d5d7a885
0x00007f45fb2393b8:   00007f45fb239438 00007f45d5d7bd50
0x00007f45fb2393c8:   00007f45d5e35f10 00007f45d5d7a928
0x00007f45fb2393d8:   00007f45fb239388 00007f45fb239430
0x00007f45fb2393e8:   00007f45fb239480 00007f45e5007160
0x00007f45fb2393f8:   00000000ebb42c88 0000000000000b9c
0x00007f45fb239408:   0000000000000ec7 0000000000000001
0x00007f45fb239418:   0000000000000003 0000000000000002
0x00007f45fb239428:   0000000000000001 00000000ebb13f70
0x00007f45fb239438:   00000000eb083ca8 00007f45fb239440
0x00007f45fb239448:   00007f45d5d7a618 00007f45fb239498
0x00007f45fb239458:   00007f45d5d7bd50 0000000000000000
0x00007f45fb239468:   00007f45d5d7a678 00007f45fb239430
0x00007f45fb239478:   00007f45fb239498 00007f45fb2394e8
0x00007f45fb239488:   00007f45e5007710 00000000ebb13f70
0x00007f45fb239498:   00000000eb083ca8 00000000eb0b3cd0
0x00007f45fb2394a8:   00007f45fb2394a8 00007f45d5d8b15d
0x00007f45fb2394b8:   00007f45fb2394f8 00007f45d5d8b900
0x00007f45fb2394c8:   0000000000000000 00007f45d5d8b1b0
0x00007f45fb2394d8:   00007f45fb239498 00007f45fb2394f8
0x00007f45fb2394e8:   00007f45fb239540 00007f45e500798d
0x00007f45fb2394f8:   00000000eb0b3cd0 00007f45fb239500
0x00007f45fb239508:   00007f45d5d8b679 00007f45fb239550
0x00007f45fb239518:   00007f45d5d8b900 0000000000000000
0x00007f45fb239528:   00007f45d5d8b698 00007f45fb2394f8
0x00007f45fb239538:   00007f45fb239550 00007f45fb239598
0x00007f45fb239548:   00007f45e5007710 00000000eb0b3cd0
0x00007f45fb239558:   00007f45fb239558 00007f45d5d8e897
0x00007f45fb239568:   00007f45fb2395d0 00007f45d5d90780 

Instructions: (pc=0x00007f45a6005060)
0x00007f45a6005040:   
[error occurred during error reporting (printing registers, top of stack, instructions near pc), id 0xb]

Register to memory mapping:

RAX={method} {0x00007f45d5d4b698} 'withRegisterOffset' '(I)Lcom/android/dx/dex/code/DalvInsn;' in 'com/android/dx/dex/code/LocalSnapshot'
RBX={method} {0x00007f45d5d4b698} 'withRegisterOffset' '(I)Lcom/android/dx/dex/code/DalvInsn;' in 'com/android/dx/dex/code/LocalSnapshot'
RCX=0x00000000ebb42c88 is an oop
com.android.dx.dex.code.LocalSnapshot 
 - klass: 'com/android/dx/dex/code/LocalSnapshot'
RDX=0x0000000000000001 is an unknown value
RSP=0x00007f45fb239378 is pointing into the stack for thread: 0x00007f45f400a000
RBP=0x00007f45fb2393e8 is pointing into the stack for thread: 0x00007f45f400a000
RSI=0x00000000ebb42c88 is an oop
com.android.dx.dex.code.LocalSnapshot 
 - klass: 'com/android/dx/dex/code/LocalSnapshot'
RDI=0x000000010008a270 is pointing into metadata
R8 =0x00000000ebb7a820 is an oop
com.android.dx.rop.code.RegisterSpecList 
 - klass: 'com/android/dx/rop/code/RegisterSpecList'
R9 =0x00000000c0001650 is an oop
com.android.dx.dex.code.Dop 
 - klass: 'com/android/dx/dex/code/Dop'
R10=0x00007f45fa623260: <offset 0xed3260> in /usr/local/android-studio/jre/jre/lib/amd64/server/libjvm.so at 0x00007f45f9750000
R11=0x00007f45e5423640 is at entry_point+32 in (nmethod*)0x00007f45e5423490
R12=0x0000000000000000 is an unknown value
R13=0x00007f45fb239388 is pointing into the stack for thread: 0x00007f45f400a000
R14=0x00007f45d5e35f10 is pointing into metadata
R15=0x00007f45f400a000 is a thread


Stack: [0x00007f45fb13a000,0x00007f45fb23b000],  sp=0x00007f45fb239378,  free space=1020k
Native frames: (J=compiled Java code, j=interpreted, Vv=VM code, C=native code)
C  0x00007f45a6005060
j  com.android.dx.dex.code.OutputFinisher.finishProcessingAndGetList()Lcom/android/dx/dex/code/DalvInsnList;+24
j  com.android.dx.dex.code.DalvCode.finishProcessingIfNecessary()V+13
j  com.android.dx.dex.code.DalvCode.getInsns()Lcom/android/dx/dex/code/DalvInsnList;+1
j  com.android.dx.dex.file.CodeItem.place0(Lcom/android/dx/dex/file/Section;I)V+55
j  com.android.dx.dex.file.OffsettedItem.place(Lcom/android/dx/dex/file/Section;I)I+73
j  com.android.dx.dex.file.MixedItemSection.placeItems()V+94
j  com.android.dx.dex.file.DexFile.toDex0(ZZ)Lcom/android/dx/util/ByteArrayAnnotatedOutput;+195
j  com.android.dx.dex.file.DexFile.toDex(Ljava/io/Writer;Z)[B+13
j  com.android.dx.command.dexer.Main.writeDex(Lcom/android/dx/dex/file/DexFile;)[B+44
j  com.android.dx.command.dexer.Main.runMonoDex()I+106
j  com.android.dx.command.dexer.Main.run(Lcom/android/dx/command/dexer/Main$Arguments;)I+76
j  com.android.dx.command.dexer.Main.main([Ljava/lang/String;)V+14
j  com.android.dx.command.Main.main([Ljava/lang/String;)V+61
v  ~StubRoutines::call_stub
V  [libjvm.so+0x6257fa]  JavaCalls::call_helper(JavaValue*, methodHandle*, JavaCallArguments*, Thread*)+0xeea
V  [libjvm.so+0x635eca]  jni_invoke_static(JNIEnv_*, JavaValue*, _jobject*, JNICallType, _jmethodID*, JNI_ArgumentPusher*, Thread*) [clone .isra.200]+0x2fa
V  [libjvm.so+0x646f7e]  jni_CallStaticVoidMethod+0x16e
C  [libjli.so+0x8149]  JavaMain+0xa09
C  [libpthread.so.0+0x8184]  start_thread+0xc4


---------------  P R O C E S S  ---------------

Java Threads: ( => current thread )
  0x00007f45f40d0000 JavaThread "Service Thread" daemon [_thread_blocked, id=5943, stack(0x00007f45bfcfd000,0x00007f45bfdfe000)]
  0x00007f45f40bd000 JavaThread "C1 CompilerThread2" daemon [_thread_blocked, id=5942, stack(0x00007f45bfdfe000,0x00007f45bfeff000)]
  0x00007f45f40bb000 JavaThread "C2 CompilerThread1" daemon [_thread_blocked, id=5941, stack(0x00007f45bfeff000,0x00007f45c0000000)]
  0x00007f45f40b8000 JavaThread "C2 CompilerThread0" daemon [_thread_blocked, id=5940, stack(0x00007f45d400d000,0x00007f45d410e000)]
  0x00007f45f40b6800 JavaThread "Signal Dispatcher" daemon [_thread_blocked, id=5939, stack(0x00007f45d410e000,0x00007f45d420f000)]
  0x00007f45f4083800 JavaThread "Finalizer" daemon [_thread_blocked, id=5938, stack(0x00007f45d48f1000,0x00007f45d49f2000)]
  0x00007f45f407f000 JavaThread "Reference Handler" daemon [_thread_blocked, id=5937, stack(0x00007f45d49f2000,0x00007f45d4af3000)]
=>0x00007f45f400a000 JavaThread "main" [_thread_in_Java, id=5927, stack(0x00007f45fb13a000,0x00007f45fb23b000)]

Other Threads:
  0x00007f45f4077800 VMThread [stack: 0x00007f45d4af3000,0x00007f45d4bf4000] [id=5936]
  0x00007f45f40d2800 WatcherThread [stack: 0x00007f45bfbfc000,0x00007f45bfcfd000] [id=5944]

VM state:not at safepoint (normal execution)

VM Mutex/Monitor currently owned by a thread: None

Heap:
 PSYoungGen      total 70656K, used 22248K [0x00000000eab00000, 0x00000000ef500000, 0x0000000100000000)
  eden space 65536K, 26% used [0x00000000eab00000,0x00000000ebbbd550,0x00000000eeb00000)
  from space 5120K, 99% used [0x00000000ef000000,0x00000000ef4fcd68,0x00000000ef500000)
  to   space 5120K, 0% used [0x00000000eeb00000,0x00000000eeb00000,0x00000000ef000000)
 ParOldGen       total 86016K, used 7613K [0x00000000c0000000, 0x00000000c5400000, 0x00000000eab00000)
  object space 86016K, 8% used [0x00000000c0000000,0x00000000c076f6a0,0x00000000c5400000)
 Metaspace       used 5881K, capacity 7024K, committed 7296K, reserved 1056768K
  class space    used 572K, capacity 616K, committed 640K, reserved 1048576K

Card table byte_map: [0x00007f45f81a9000,0x00007f45f83aa000] byte_map_base: 0x00007f45f7ba9000

Marking Bits: (ParMarkBitMap*) 0x00007f45fa6131a0
 Begin Bits: [0x00007f45d6000000, 0x00007f45d7000000)
 End Bits:   [0x00007f45d7000000, 0x00007f45d8000000)

Polling page: 0x00007f45fb261000

CodeCache: size=245760Kb used=4610Kb max_used=4623Kb free=241149Kb
 bounds [0x00007f45e5000000, 0x00007f45e5490000, 0x00007f45f4000000]
 total_blobs=1654 nmethods=1395 adapters=175
 compilation: enabled

Compilation events (10 events):
Event: 1.568 Thread 0x00007f45f40bd000 nmethod 1430 0x00007f45e547e090 code [0x00007f45e547e1e0, 0x00007f45e547e2f0]
Event: 1.568 Thread 0x00007f45f40bd000 1384       1       com.android.dx.dex.file.Section::getFile (5 bytes)
Event: 1.568 Thread 0x00007f45f40bd000 nmethod 1384 0x00007f45e547dd10 code [0x00007f45e547de60, 0x00007f45e547df70]
Event: 1.568 Thread 0x00007f45f40bd000 1409       1       com.android.dx.dex.code.form.Form10x::codeSize (2 bytes)
Event: 1.568 Thread 0x00007f45f40bd000 nmethod 1409 0x00007f45e5482d90 code [0x00007f45e5482ee0, 0x00007f45e5482ff0]
Event: 1.568 Thread 0x00007f45f40bd000 1446       1       com.android.dx.dex.code.form.Form10t::codeSize (2 bytes)
Event: 1.568 Thread 0x00007f45f40bd000 nmethod 1446 0x00007f45e5482ad0 code [0x00007f45e5482c20, 0x00007f45e5482d30]
Event: 1.568 Thread 0x00007f45f40bd000 1435       1       com.android.dx.dex.code.form.Form21s::codeSize (2 bytes)
Event: 1.568 Thread 0x00007f45f40bd000 nmethod 1435 0x00007f45e5482810 code [0x00007f45e5482960, 0x00007f45e5482a70]
Event: 1.581 Thread 0x00007f45f40bb000 nmethod 1462 0x00007f45e54817d0 code [0x00007f45e54819a0, 0x00007f45e5482088]

GC Heap History (4 events):
Event: 1.008 GC heap before
{Heap before GC invocations=1 (full 0):
 PSYoungGen      total 37888K, used 32768K [0x00000000eab00000, 0x00000000ed500000, 0x0000000100000000)
  eden space 32768K, 100% used [0x00000000eab00000,0x00000000ecb00000,0x00000000ecb00000)
  from space 5120K, 0% used [0x00000000ed000000,0x00000000ed000000,0x00000000ed500000)
  to   space 5120K, 0% used [0x00000000ecb00000,0x00000000ecb00000,0x00000000ed000000)
 ParOldGen       total 86016K, used 0K [0x00000000c0000000, 0x00000000c5400000, 0x00000000eab00000)
  object space 86016K, 0% used [0x00000000c0000000,0x00000000c0000000,0x00000000c5400000)
 Metaspace       used 5526K, capacity 6768K, committed 7040K, reserved 1056768K
  class space    used 553K, capacity 616K, committed 640K, reserved 1048576K
Event: 1.031 GC heap after
Heap after GC invocations=1 (full 0):
 PSYoungGen      total 37888K, used 5107K [0x00000000eab00000, 0x00000000ef500000, 0x0000000100000000)
  eden space 32768K, 0% used [0x00000000eab00000,0x00000000eab00000,0x00000000ecb00000)
  from space 5120K, 99% used [0x00000000ecb00000,0x00000000ecffcd98,0x00000000ed000000)
  to   space 5120K, 0% used [0x00000000ef000000,0x00000000ef000000,0x00000000ef500000)
 ParOldGen       total 86016K, used 1947K [0x00000000c0000000, 0x00000000c5400000, 0x00000000eab00000)
  object space 86016K, 2% used [0x00000000c0000000,0x00000000c01e6c78,0x00000000c5400000)
 Metaspace       used 5526K, capacity 6768K, committed 7040K, reserved 1056768K
  class space    used 553K, capacity 616K, committed 640K, reserved 1048576K
}
Event: 1.259 GC heap before
{Heap before GC invocations=2 (full 0):
 PSYoungGen      total 37888K, used 37875K [0x00000000eab00000, 0x00000000ef500000, 0x0000000100000000)
  eden space 32768K, 100% used [0x00000000eab00000,0x00000000ecb00000,0x00000000ecb00000)
  from space 5120K, 99% used [0x00000000ecb00000,0x00000000ecffcd98,0x00000000ed000000)
  to   space 5120K, 0% used [0x00000000ef000000,0x00000000ef000000,0x00000000ef500000)
 ParOldGen       total 86016K, used 1947K [0x00000000c0000000, 0x00000000c5400000, 0x00000000eab00000)
  object space 86016K, 2% used [0x00000000c0000000,0x00000000c01e6c78,0x00000000c5400000)
 Metaspace       used 5609K, capacity 6832K, committed 7040K, reserved 1056768K
  class space    used 556K, capacity 616K, committed 640K, reserved 1048576K
Event: 1.302 GC heap after
Heap after GC invocations=2 (full 0):
 PSYoungGen      total 70656K, used 5107K [0x00000000eab00000, 0x00000000ef500000, 0x0000000100000000)
  eden space 65536K, 0% used [0x00000000eab00000,0x00000000eab00000,0x00000000eeb00000)
  from space 5120K, 99% used [0x00000000ef000000,0x00000000ef4fcd68,0x00000000ef500000)
  to   space 5120K, 0% used [0x00000000eeb00000,0x00000000eeb00000,0x00000000ef000000)
 ParOldGen       total 86016K, used 7613K [0x00000000c0000000, 0x00000000c5400000, 0x00000000eab00000)
  object space 86016K, 8% used [0x00000000c0000000,0x00000000c076f6a0,0x00000000c5400000)
 Metaspace       used 5609K, capacity 6832K, committed 7040K, reserved 1056768K
  class space    used 556K, capacity 616K, committed 640K, reserved 1048576K
}

Deoptimization events (10 events):
Event: 1.354 Thread 0x00007f45f4163800 Uncommon trap: reason=bimorphic action=maybe_recompile pc=0x00007f45e52b84a0 method=java.util.HashMap.getNode(ILjava/lang/Object;)Ljava/util/HashMap$Node; @ 126
Event: 1.354 Thread 0x00007f45f4163800 Uncommon trap: reason=class_check action=maybe_recompile pc=0x00007f45e5372cd8 method=java.util.HashMap.putVal(ILjava/lang/Object;Ljava/lang/Object;ZZ)Ljava/lang/Object; @ 203
Event: 1.354 Thread 0x00007f45f4163800 Uncommon trap: reason=bimorphic action=maybe_recompile pc=0x00007f45e52b84a0 method=java.util.HashMap.getNode(ILjava/lang/Object;)Ljava/util/HashMap$Node; @ 126
Event: 1.354 Thread 0x00007f45f4163800 Uncommon trap: reason=class_check action=maybe_recompile pc=0x00007f45e5372cd8 method=java.util.HashMap.putVal(ILjava/lang/Object;Ljava/lang/Object;ZZ)Ljava/lang/Object; @ 203
Event: 1.373 Thread 0x00007f45f4163800 Uncommon trap: reason=bimorphic action=maybe_recompile pc=0x00007f45e529aedc method=java.util.HashMap.getNode(ILjava/lang/Object;)Ljava/util/HashMap$Node; @ 126
Event: 1.491 Thread 0x00007f45f400a000 Uncommon trap: reason=speculate_class_check action=maybe_recompile pc=0x00007f45e53102f0 method=com.android.dx.util.FixedSizeList.equals(Ljava/lang/Object;)Z @ 25
Event: 1.492 Thread 0x00007f45f400a000 Uncommon trap: reason=speculate_class_check action=maybe_recompile pc=0x00007f45e53102f0 method=com.android.dx.util.FixedSizeList.equals(Ljava/lang/Object;)Z @ 25
Event: 1.492 Thread 0x00007f45f400a000 Uncommon trap: reason=speculate_class_check action=maybe_recompile pc=0x00007f45e53102f0 method=com.android.dx.util.FixedSizeList.equals(Ljava/lang/Object;)Z @ 25
Event: 1.492 Thread 0x00007f45f400a000 Uncommon trap: reason=speculate_class_check action=maybe_recompile pc=0x00007f45e53102f0 method=com.android.dx.util.FixedSizeList.equals(Ljava/lang/Object;)Z @ 25
Event: 1.558 Thread 0x00007f45f400a000 Uncommon trap: reason=unstable_if action=reinterpret pc=0x00007f45e5452068 method=com.android.dx.dex.code.OutputFinisher.findOpcodeForInsn(Lcom/android/dx/dex/code/DalvInsn;Lcom/android/dx/dex/code/Dop;)Lcom/android/dx/dex/code/Dop; @ 1

Internal exceptions (2 events):
Event: 0.043 Thread 0x00007f45f400a000 Exception <a 'java/lang/NoSuchMethodError': Method sun.misc.Unsafe.defineClass(Ljava/lang/String;[BII)Ljava/lang/Class; name or signature does not match> (0x00000000eab07cc0) thrown at [/ssd/Android/AOSP-openjdk/external/jetbrains/jdk/hotspot/src/share/vm
Event: 0.043 Thread 0x00007f45f400a000 Exception <a 'java/lang/NoSuchMethodError': Method sun.misc.Unsafe.prefetchRead(Ljava/lang/Object;J)V name or signature does not match> (0x00000000eab07fa8) thrown at [/ssd/Android/AOSP-openjdk/external/jetbrains/jdk/hotspot/src/share/vm/prims/jni.cpp, li

Events (10 events):
Event: 1.551 Thread 0x00007f45f400a000 DEOPT UNPACKING pc=0x00007f45e5046f73 sp=0x00007f45fb239058 mode 0
Event: 1.557 Thread 0x00007f45f400a000 DEOPT PACKING pc=0x00007f45e542cdbd sp=0x00007f45fb239400
Event: 1.557 Thread 0x00007f45f400a000 DEOPT UNPACKING pc=0x00007f45e5046f73 sp=0x00007f45fb239178 mode 0
Event: 1.558 Thread 0x00007f45f400a000 DEOPT PACKING pc=0x00007f45e543418e sp=0x00007f45fb239380
Event: 1.558 Thread 0x00007f45f400a000 DEOPT UNPACKING pc=0x00007f45e5046f73 sp=0x00007f45fb239128 mode 0
Event: 1.558 Thread 0x00007f45f400a000 Uncommon trap: trap_request=0xffffff65 fr.pc=0x00007f45e5452068
Event: 1.558 Thread 0x00007f45f400a000 DEOPT PACKING pc=0x00007f45e5452068 sp=0x00007f45fb239290
Event: 1.558 Thread 0x00007f45f400a000 DEOPT UNPACKING pc=0x00007f45e5004f69 sp=0x00007f45fb239250 mode 2
Event: 1.561 Thread 0x00007f45f400a000 DEOPT PACKING pc=0x00007f45e5424f22 sp=0x00007f45fb239210
Event: 1.561 Thread 0x00007f45f400a000 DEOPT UNPACKING pc=0x00007f45e5046f73 sp=0x00007f45fb238fb0 mode 0


Dynamic libraries:
00400000-00401000 r-xp 00000000 08:01 28183450                           /usr/local/android-studio/jre/bin/java
00600000-00601000 r--p 00000000 08:01 28183450                           /usr/local/android-studio/jre/bin/java
00601000-00602000 rw-p 00001000 08:01 28183450                           /usr/local/android-studio/jre/bin/java
013e1000-01402000 rw-p 00000000 00:00 0                                  [heap]
c0000000-c5400000 rw-p 00000000 00:00 0 
c5400000-eab00000 ---p 00000000 00:00 0 
eab00000-ef500000 rw-p 00000000 00:00 0 
ef500000-100000000 ---p 00000000 00:00 0 
100000000-1000a0000 rw-p 00000000 00:00 0 
1000a0000-140000000 ---p 00000000 00:00 0 
7f4590000000-7f459002d000 rw-p 00000000 00:00 0 
7f459002d000-7f4594000000 ---p 00000000 00:00 0 
7f4598000000-7f459802c000 rw-p 00000000 00:00 0 
7f459802c000-7f459c000000 ---p 00000000 00:00 0 
7f459c000000-7f459c039000 rw-p 00000000 00:00 0 
7f459c039000-7f45a0000000 ---p 00000000 00:00 0 
7f45a0000000-7f45a0045000 rw-p 00000000 00:00 0 
7f45a0045000-7f45a4000000 ---p 00000000 00:00 0 
7f45a4000000-7f45a4021000 rw-p 00000000 00:00 0 
7f45a4021000-7f45a8000000 ---p 00000000 00:00 0 
7f45a8000000-7f45a8021000 rw-p 00000000 00:00 0 
7f45a8021000-7f45ac000000 ---p 00000000 00:00 0 
7f45ac000000-7f45ac021000 rw-p 00000000 00:00 0 
7f45ac021000-7f45b0000000 ---p 00000000 00:00 0 
7f45b0000000-7f45b03c1000 rw-p 00000000 00:00 0 
7f45b03c1000-7f45b4000000 ---p 00000000 00:00 0 
7f45b4000000-7f45b44eb000 rw-p 00000000 00:00 0 
7f45b44eb000-7f45b8000000 ---p 00000000 00:00 0 
7f45b8000000-7f45b8485000 rw-p 00000000 00:00 0 
7f45b8485000-7f45bc000000 ---p 00000000 00:00 0 
7f45bf6f7000-7f45bf6fa000 ---p 00000000 00:00 0 
7f45bf6fa000-7f45bf7f8000 rw-p 00000000 00:00 0 
7f45bf7f8000-7f45bf7fb000 ---p 00000000 00:00 0 
7f45bf7fb000-7f45bf8f9000 rw-p 00000000 00:00 0 
7f45bf8f9000-7f45bf8fc000 ---p 00000000 00:00 0 
7f45bf8fc000-7f45bf9fa000 rw-p 00000000 00:00 0 
7f45bf9fa000-7f45bf9fd000 ---p 00000000 00:00 0 
7f45bf9fd000-7f45bfafb000 rw-p 00000000 00:00 0 
7f45bfafb000-7f45bfafe000 ---p 00000000 00:00 0 
7f45bfafe000-7f45bfbfc000 rw-p 00000000 00:00 0 
7f45bfbfc000-7f45bfbfd000 ---p 00000000 00:00 0 
7f45bfbfd000-7f45bfcfd000 rw-p 00000000 00:00 0 
7f45bfcfd000-7f45bfd00000 ---p 00000000 00:00 0 
7f45bfd00000-7f45bfdfe000 rw-p 00000000 00:00 0 
7f45bfdfe000-7f45bfe01000 ---p 00000000 00:00 0 
7f45bfe01000-7f45bfeff000 rw-p 00000000 00:00 0 
7f45bfeff000-7f45bff02000 ---p 00000000 00:00 0 
7f45bff02000-7f45c0000000 rw-p 00000000 00:00 0 
7f45c0000000-7f45c0021000 rw-p 00000000 00:00 0 
7f45c0021000-7f45c4000000 ---p 00000000 00:00 0 
7f45c4000000-7f45c4021000 rw-p 00000000 00:00 0 
7f45c4021000-7f45c8000000 ---p 00000000 00:00 0 
7f45c8000000-7f45c8021000 rw-p 00000000 00:00 0 
7f45c8021000-7f45cc000000 ---p 00000000 00:00 0 
7f45cc000000-7f45cc021000 rw-p 00000000 00:00 0 
7f45cc021000-7f45d0000000 ---p 00000000 00:00 0 
7f45d0000000-7f45d0021000 rw-p 00000000 00:00 0 
7f45d0021000-7f45d4000000 ---p 00000000 00:00 0 
7f45d400d000-7f45d4010000 ---p 00000000 00:00 0 
7f45d4010000-7f45d410e000 rw-p 00000000 00:00 0 
7f45d410e000-7f45d4111000 ---p 00000000 00:00 0 
7f45d4111000-7f45d420f000 rw-p 00000000 00:00 0 
7f45d420f000-7f45d48f1000 r--p 00000000 08:01 39066103                   /usr/lib/locale/locale-archive
7f45d48f1000-7f45d48f4000 ---p 00000000 00:00 0 
7f45d48f4000-7f45d49f2000 rw-p 00000000 00:00 0 
7f45d49f2000-7f45d49f5000 ---p 00000000 00:00 0 
7f45d49f5000-7f45d4af3000 rw-p 00000000 00:00 0 
7f45d4af3000-7f45d4af4000 ---p 00000000 00:00 0 
7f45d4af4000-7f45d5e80000 rw-p 00000000 00:00 0 
7f45d5e80000-7f45d6000000 ---p 00000000 00:00 0 
7f45d6000000-7f45d8000000 rw-p 00000000 00:00 0 
7f45d8000000-7f45d8021000 rw-p 00000000 00:00 0 
7f45d8021000-7f45dc000000 ---p 00000000 00:00 0 
7f45dc000000-7f45dc021000 rw-p 00000000 00:00 0 
7f45dc021000-7f45e0000000 ---p 00000000 00:00 0 
7f45e0000000-7f45e0021000 rw-p 00000000 00:00 0 
7f45e0021000-7f45e4000000 ---p 00000000 00:00 0 
7f45e4093000-7f45e43f9000 rw-p 00000000 00:00 0 
7f45e43f9000-7f45e45c6000 r--s 03bec000 08:01 28183507                   /usr/local/android-studio/jre/jre/lib/rt.jar
7f45e45c6000-7f45e483c000 rw-p 00000000 00:00 0 
7f45e483c000-7f45e483d000 ---p 00000000 00:00 0 
7f45e483d000-7f45e493d000 rw-p 00000000 00:00 0 
7f45e493d000-7f45e493e000 ---p 00000000 00:00 0 
7f45e493e000-7f45e4a3e000 rw-p 00000000 00:00 0 
7f45e4a3e000-7f45e4a3f000 ---p 00000000 00:00 0 
7f45e4a3f000-7f45e4b3f000 rw-p 00000000 00:00 0 
7f45e4b3f000-7f45e4b40000 ---p 00000000 00:00 0 
7f45e4b40000-7f45e4c53000 rw-p 00000000 00:00 0 
7f45e4c53000-7f45e5000000 ---p 00000000 00:00 0 
7f45e5000000-7f45e5490000 rwxp 00000000 00:00 0 
7f45e5490000-7f45f4000000 ---p 00000000 00:00 0 
7f45f4000000-7f45f4437000 rw-p 00000000 00:00 0 
7f45f4437000-7f45f8000000 ---p 00000000 00:00 0 
7f45f8003000-7f45f8011000 r--s 000e0000 08:01 4594727                    /home/hal/Android/Sdk/build-tools/25.0.0/lib/dx.jar
7f45f8011000-7f45f807d000 rw-p 00000000 00:00 0 
7f45f807d000-7f45f81a9000 ---p 00000000 00:00 0 
7f45f81a9000-7f45f81d3000 rw-p 00000000 00:00 0 
7f45f81d3000-7f45f82fe000 ---p 00000000 00:00 0 
7f45f82fe000-7f45f8324000 rw-p 00000000 00:00 0 
7f45f8324000-7f45f83a9000 ---p 00000000 00:00 0 
7f45f83a9000-7f45f83aa000 rw-p 00000000 00:00 0 
7f45f83aa000-7f45f83c4000 r-xp 00000000 08:01 28183534                   /usr/local/android-studio/jre/jre/lib/amd64/libzip.so
7f45f83c4000-7f45f85c4000 ---p 0001a000 08:01 28183534                   /usr/local/android-studio/jre/jre/lib/amd64/libzip.so
7f45f85c4000-7f45f85c5000 r--p 0001a000 08:01 28183534                   /usr/local/android-studio/jre/jre/lib/amd64/libzip.so
7f45f85c5000-7f45f85c6000 rw-p 0001b000 08:01 28183534                   /usr/local/android-studio/jre/jre/lib/amd64/libzip.so
7f45f85c6000-7f45f85d0000 r-xp 00000000 08:01 33036939                   /lib/x86_64-linux-gnu/libnss_files-2.19.so
7f45f85d0000-7f45f87cf000 ---p 0000a000 08:01 33036939                   /lib/x86_64-linux-gnu/libnss_files-2.19.so
7f45f87cf000-7f45f87d0000 r--p 00009000 08:01 33036939                   /lib/x86_64-linux-gnu/libnss_files-2.19.so
7f45f87d0000-7f45f87d1000 rw-p 0000a000 08:01 33036939                   /lib/x86_64-linux-gnu/libnss_files-2.19.so
7f45f87d1000-7f45f87dc000 r-xp 00000000 08:01 33036954                   /lib/x86_64-linux-gnu/libnss_nis-2.19.so
7f45f87dc000-7f45f89db000 ---p 0000b000 08:01 33036954                   /lib/x86_64-linux-gnu/libnss_nis-2.19.so
7f45f89db000-7f45f89dc000 r--p 0000a000 08:01 33036954                   /lib/x86_64-linux-gnu/libnss_nis-2.19.so
7f45f89dc000-7f45f89dd000 rw-p 0000b000 08:01 33036954                   /lib/x86_64-linux-gnu/libnss_nis-2.19.so
7f45f89dd000-7f45f89f4000 r-xp 00000000 08:01 33036933                   /lib/x86_64-linux-gnu/libnsl-2.19.so
7f45f89f4000-7f45f8bf3000 ---p 00017000 08:01 33036933                   /lib/x86_64-linux-gnu/libnsl-2.19.so
7f45f8bf3000-7f45f8bf4000 r--p 00016000 08:01 33036933                   /lib/x86_64-linux-gnu/libnsl-2.19.so
7f45f8bf4000-7f45f8bf5000 rw-p 00017000 08:01 33036933                   /lib/x86_64-linux-gnu/libnsl-2.19.so
7f45f8bf5000-7f45f8bf7000 rw-p 00000000 00:00 0 
7f45f8bf7000-7f45f8c00000 r-xp 00000000 08:01 33036952                   /lib/x86_64-linux-gnu/libnss_compat-2.19.so
7f45f8c00000-7f45f8dff000 ---p 00009000 08:01 33036952                   /lib/x86_64-linux-gnu/libnss_compat-2.19.so
7f45f8dff000-7f45f8e00000 r--p 00008000 08:01 33036952                   /lib/x86_64-linux-gnu/libnss_compat-2.19.so
7f45f8e00000-7f45f8e01000 rw-p 00009000 08:01 33036952                   /lib/x86_64-linux-gnu/libnss_compat-2.19.so
7f45f8e01000-7f45f8e2e000 r-xp 00000000 08:01 28183544                   /usr/local/android-studio/jre/jre/lib/amd64/libjava.so
7f45f8e2e000-7f45f902d000 ---p 0002d000 08:01 28183544                   /usr/local/android-studio/jre/jre/lib/amd64/libjava.so
7f45f902d000-7f45f902e000 r--p 0002c000 08:01 28183544                   /usr/local/android-studio/jre/jre/lib/amd64/libjava.so
7f45f902e000-7f45f9030000 rw-p 0002d000 08:01 28183544                   /usr/local/android-studio/jre/jre/lib/amd64/libjava.so
7f45f9030000-7f45f9040000 r-xp 00000000 08:01 28183560                   /usr/local/android-studio/jre/jre/lib/amd64/libverify.so
7f45f9040000-7f45f923f000 ---p 00010000 08:01 28183560                   /usr/local/android-studio/jre/jre/lib/amd64/libverify.so
7f45f923f000-7f45f9241000 r--p 0000f000 08:01 28183560                   /usr/local/android-studio/jre/jre/lib/amd64/libverify.so
7f45f9241000-7f45f9242000 rw-p 00011000 08:01 28183560                   /usr/local/android-studio/jre/jre/lib/amd64/libverify.so
7f45f9242000-7f45f9249000 r-xp 00000000 08:01 33036947                   /lib/x86_64-linux-gnu/librt-2.19.so
7f45f9249000-7f45f9448000 ---p 00007000 08:01 33036947                   /lib/x86_64-linux-gnu/librt-2.19.so
7f45f9448000-7f45f9449000 r--p 00006000 08:01 33036947                   /lib/x86_64-linux-gnu/librt-2.19.so
7f45f9449000-7f45f944a000 rw-p 00007000 08:01 33036947                   /lib/x86_64-linux-gnu/librt-2.19.so
7f45f944a000-7f45f954f000 r-xp 00000000 08:01 33036941                   /lib/x86_64-linux-gnu/libm-2.19.so
7f45f954f000-7f45f974e000 ---p 00105000 08:01 33036941                   /lib/x86_64-linux-gnu/libm-2.19.so
7f45f974e000-7f45f974f000 r--p 00104000 08:01 33036941                   /lib/x86_64-linux-gnu/libm-2.19.so
7f45f974f000-7f45f9750000 rw-p 00105000 08:01 33036941                   /lib/x86_64-linux-gnu/libm-2.19.so
7f45f9750000-7f45fa336000 r-xp 00000000 08:01 28183564                   /usr/local/android-studio/jre/jre/lib/amd64/server/libjvm.so
7f45fa336000-7f45fa536000 ---p 00be6000 08:01 28183564                   /usr/local/android-studio/jre/jre/lib/amd64/server/libjvm.so
7f45fa536000-7f45fa5d5000 r--p 00be6000 08:01 28183564                   /usr/local/android-studio/jre/jre/lib/amd64/server/libjvm.so
7f45fa5d5000-7f45fa5fe000 rw-p 00c85000 08:01 28183564                   /usr/local/android-studio/jre/jre/lib/amd64/server/libjvm.so
7f45fa5fe000-7f45fa640000 rw-p 00000000 00:00 0 
7f45fa640000-7f45fa659000 r-xp 00000000 08:01 33036943                   /lib/x86_64-linux-gnu/libpthread-2.19.so
7f45fa659000-7f45fa858000 ---p 00019000 08:01 33036943                   /lib/x86_64-linux-gnu/libpthread-2.19.so
7f45fa858000-7f45fa859000 r--p 00018000 08:01 33036943                   /lib/x86_64-linux-gnu/libpthread-2.19.so
7f45fa859000-7f45fa85a000 rw-p 00019000 08:01 33036943                   /lib/x86_64-linux-gnu/libpthread-2.19.so
7f45fa85a000-7f45fa85e000 rw-p 00000000 00:00 0 
7f45fa85e000-7f45fa861000 r-xp 00000000 08:01 33036946                   /lib/x86_64-linux-gnu/libdl-2.19.so
7f45fa861000-7f45faa60000 ---p 00003000 08:01 33036946                   /lib/x86_64-linux-gnu/libdl-2.19.so
7f45faa60000-7f45faa61000 r--p 00002000 08:01 33036946                   /lib/x86_64-linux-gnu/libdl-2.19.so
7f45faa61000-7f45faa62000 rw-p 00003000 08:01 33036946                   /lib/x86_64-linux-gnu/libdl-2.19.so
7f45faa62000-7f45fac20000 r-xp 00000000 08:01 33036942                   /lib/x86_64-linux-gnu/libc-2.19.so
7f45fac20000-7f45fae20000 ---p 001be000 08:01 33036942                   /lib/x86_64-linux-gnu/libc-2.19.so
7f45fae20000-7f45fae24000 r--p 001be000 08:01 33036942                   /lib/x86_64-linux-gnu/libc-2.19.so
7f45fae24000-7f45fae26000 rw-p 001c2000 08:01 33036942                   /lib/x86_64-linux-gnu/libc-2.19.so
7f45fae26000-7f45fae2b000 rw-p 00000000 00:00 0 
7f45fae2b000-7f45fae41000 r-xp 00000000 08:01 28183424                   /usr/local/android-studio/jre/lib/amd64/jli/libjli.so
7f45fae41000-7f45fb040000 ---p 00016000 08:01 28183424                   /usr/local/android-studio/jre/lib/amd64/jli/libjli.so
7f45fb040000-7f45fb041000 r--p 00015000 08:01 28183424                   /usr/local/android-studio/jre/lib/amd64/jli/libjli.so
7f45fb041000-7f45fb042000 rw-p 00016000 08:01 28183424                   /usr/local/android-studio/jre/lib/amd64/jli/libjli.so
7f45fb042000-7f45fb065000 r-xp 00000000 08:01 33036950                   /lib/x86_64-linux-gnu/ld-2.19.so
7f45fb06a000-7f45fb13a000 rw-p 00000000 00:00 0 
7f45fb13a000-7f45fb13d000 ---p 00000000 00:00 0 
7f45fb13d000-7f45fb23f000 rw-p 00000000 00:00 0 
7f45fb241000-7f45fb258000 rw-p 00000000 00:00 0 
7f45fb258000-7f45fb260000 rw-s 00000000 08:01 4864626                    /tmp/hsperfdata_hal/5926
7f45fb260000-7f45fb261000 rw-p 00000000 00:00 0 
7f45fb261000-7f45fb262000 r--p 00000000 00:00 0 
7f45fb262000-7f45fb264000 rw-p 00000000 00:00 0 
7f45fb264000-7f45fb265000 r--p 00022000 08:01 33036950                   /lib/x86_64-linux-gnu/ld-2.19.so
7f45fb265000-7f45fb266000 rw-p 00023000 08:01 33036950                   /lib/x86_64-linux-gnu/ld-2.19.so
7f45fb266000-7f45fb267000 rw-p 00000000 00:00 0 
7ffe72ed3000-7ffe72ef4000 rw-p 00000000 00:00 0                          [stack]
7ffe72fe7000-7ffe72fe9000 r--p 00000000 00:00 0                          [vvar]
7ffe72fe9000-7ffe72feb000 r-xp 00000000 00:00 0                          [vdso]
ffffffffff600000-ffffffffff601000 r-xp 00000000 00:00 0                  [vsyscall]

VM Arguments:
jvm_args: -Djava.awt.headless=true -Xmx1024M -Dfile.encoding=UTF-8 -Duser.country=US -Duser.language=en -Duser.variant 
java_command: com.android.dx.command.Main --dex --num-threads=4 --output /home/hal/ARDRONE/SupervisoryMocap/app/build/intermediates/pre-dexed/debug/debug_47e6d99d2dc1792e658422a765539438067043ae.jar /home/hal/ARDRONE/SupervisoryMocap/app/build/intermediates/classes/debug
java_class_path (initial): /home/hal/Android/Sdk/build-tools/25.0.0/lib/dx.jar
Launcher Type: SUN_STANDARD

Environment Variables:
JAVA_HOME=/usr/lib/jvm/java-8-oracle
PATH=/usr/local/sbin:/usr/local/bin:/usr/sbin:/usr/bin:/sbin:/bin:/usr/games:/usr/local/games:/usr/lib/jvm/java-8-oracle/bin:/usr/lib/jvm/java-8-oracle/db/bin:/usr/lib/jvm/java-8-oracle/jre/bin
LD_LIBRARY_PATH=/usr/local/android-studio/bin:
SHELL=/bin/bash
DISPLAY=:0

Signal Handlers:
SIGSEGV: [libjvm.so+0x9daac0], sa_mask[0]=11111111011111111101111111111110, sa_flags=SA_RESTART|SA_SIGINFO
SIGBUS: [libjvm.so+0x9daac0], sa_mask[0]=11111111011111111101111111111110, sa_flags=SA_RESTART|SA_SIGINFO
SIGFPE: [libjvm.so+0x840d90], sa_mask[0]=11111111011111111101111111111110, sa_flags=SA_RESTART|SA_SIGINFO
SIGPIPE: [libjvm.so+0x840d90], sa_mask[0]=11111111011111111101111111111110, sa_flags=SA_RESTART|SA_SIGINFO
SIGXFSZ: [libjvm.so+0x840d90], sa_mask[0]=11111111011111111101111111111110, sa_flags=SA_RESTART|SA_SIGINFO
SIGILL: [libjvm.so+0x840d90], sa_mask[0]=11111111011111111101111111111110, sa_flags=SA_RESTART|SA_SIGINFO
SIGUSR1: SIG_DFL, sa_mask[0]=00000000000000000000000000000000, sa_flags=none
SIGUSR2: [libjvm.so+0x840c60], sa_mask[0]=00100000000000000000000000000000, sa_flags=SA_RESTART|SA_SIGINFO
SIGHUP: [libjvm.so+0x840e50], sa_mask[0]=11111111011111111101111111111110, sa_flags=SA_RESTART|SA_SIGINFO
SIGINT: [libjvm.so+0x840e50], sa_mask[0]=11111111011111111101111111111110, sa_flags=SA_RESTART|SA_SIGINFO
SIGTERM: [libjvm.so+0x840e50], sa_mask[0]=11111111011111111101111111111110, sa_flags=SA_RESTART|SA_SIGINFO
SIGQUIT: [libjvm.so+0x840e50], sa_mask[0]=11111111011111111101111111111110, sa_flags=SA_RESTART|SA_SIGINFO


---------------  S Y S T E M  ---------------

OS:DISTRIB_ID=Ubuntu
DISTRIB_RELEASE=14.04
DISTRIB_CODENAME=trusty
DISTRIB_DESCRIPTION="Ubuntu 14.04.5 LTS"

uname:Linux 4.4.0-62-generic #83~14.04.1-Ubuntu SMP Wed Jan 18 18:10:30 UTC 2017 x86_64
libc:glibc 2.19 NPTL 2.19 
rlimit: STACK 8192k, CORE 0k, NPROC 31830, NOFILE 4096, AS infinity
load average:1.44 1.10 0.99

/proc/meminfo:
MemTotal:        8174144 kB
MemFree:         2664808 kB
MemAvailable:    4046728 kB
Buffers:          186148 kB
Cached:          1411900 kB
SwapCached:            0 kB
Active:          4591788 kB
Inactive:         620860 kB
Active(anon):    3615904 kB
Inactive(anon):    60244 kB
Active(file):     975884 kB
Inactive(file):   560616 kB
Unevictable:          32 kB
Mlocked:              32 kB
SwapTotal:       8384508 kB
SwapFree:        8384508 kB
Dirty:              3204 kB
Writeback:             0 kB
AnonPages:       3614692 kB
Mapped:           349800 kB
Shmem:             61552 kB
Slab:             166508 kB
SReclaimable:     133820 kB
SUnreclaim:        32688 kB
KernelStack:       10128 kB
PageTables:        36704 kB
NFS_Unstable:          0 kB
Bounce:                0 kB
WritebackTmp:          0 kB
CommitLimit:    12471580 kB
Committed_AS:    6996168 kB
VmallocTotal:   34359738367 kB
VmallocUsed:           0 kB
VmallocChunk:          0 kB
HardwareCorrupted:     0 kB
AnonHugePages:   2615296 kB
CmaTotal:              0 kB
CmaFree:               0 kB
HugePages_Total:       0
HugePages_Free:        0
HugePages_Rsvd:        0
HugePages_Surp:        0
Hugepagesize:       2048 kB
DirectMap4k:      140160 kB
DirectMap2M:     8247296 kB


CPU:total 4 (4 cores per cpu, 1 threads per core) family 6 model 23 stepping 7, cmov, cx8, fxsr, mmx, sse, sse2, sse3, ssse3, sse4.1, tsc

/proc/cpuinfo:
processor	: 0
vendor_id	: GenuineIntel
cpu family	: 6
model		: 23
model name	: Intel(R) Core(TM)2 Quad  CPU   Q8200  @ 2.33GHz
stepping	: 7
microcode	: 0x705
cpu MHz		: 1998.000
cache size	: 2048 KB
physical id	: 0
siblings	: 4
core id		: 0
cpu cores	: 4
apicid		: 0
initial apicid	: 0
fpu		: yes
fpu_exception	: yes
cpuid level	: 10
wp		: yes
flags		: fpu vme de pse tsc msr pae mce cx8 apic sep mtrr pge mca cmov pat pse36 clflush dts acpi mmx fxsr sse sse2 ss ht tm pbe syscall nx lm constant_tsc arch_perfmon pebs bts rep_good nopl aperfmperf pni dtes64 monitor ds_cpl est tm2 ssse3 cx16 xtpr pdcm sse4_1 lahf_lm dtherm
bugs		:
bogomips	: 4666.79
clflush size	: 64
cache_alignment	: 64
address sizes	: 36 bits physical, 48 bits virtual
power management:

processor	: 1
vendor_id	: GenuineIntel
cpu family	: 6
model		: 23
model name	: Intel(R) Core(TM)2 Quad  CPU   Q8200  @ 2.33GHz
stepping	: 7
microcode	: 0x705
cpu MHz		: 2331.000
cache size	: 2048 KB
physical id	: 0
siblings	: 4
core id		: 3
cpu cores	: 4
apicid		: 3
initial apicid	: 3
fpu		: yes
fpu_exception	: yes
cpuid level	: 10
wp		: yes
flags		: fpu vme de pse tsc msr pae mce cx8 apic sep mtrr pge mca cmov pat pse36 clflush dts acpi mmx fxsr sse sse2 ss ht tm pbe syscall nx lm constant_tsc arch_perfmon pebs bts rep_good nopl aperfmperf pni dtes64 monitor ds_cpl est tm2 ssse3 cx16 xtpr pdcm sse4_1 lahf_lm dtherm
bugs		:
bogomips	: 4666.79
clflush size	: 64
cache_alignment	: 64
address sizes	: 36 bits physical, 48 bits virtual
power management:

processor	: 2
vendor_id	: GenuineIntel
cpu family	: 6
model		: 23
model name	: Intel(R) Core(TM)2 Quad  CPU   Q8200  @ 2.33GHz
stepping	: 7
microcode	: 0x705
cpu MHz		: 1998.000
cache size	: 2048 KB
physical id	: 0
siblings	: 4
core id		: 1
cpu cores	: 4
apicid		: 1
initial apicid	: 1
fpu		: yes
fpu_exception	: yes
cpuid level	: 10
wp		: yes
flags		: fpu vme de pse tsc msr pae mce cx8 apic sep mtrr pge mca cmov pat pse36 clflush dts acpi mmx fxsr sse sse2 ss ht tm pbe syscall nx lm constant_tsc arch_perfmon pebs bts rep_good nopl aperfmperf pni dtes64 monitor ds_cpl est tm2 ssse3 cx16 xtpr pdcm sse4_1 lahf_lm dtherm
bugs		:
bogomips	: 4666.79
clflush size	: 64
cache_alignment	: 64
address sizes	: 36 bits physical, 48 bits virtual
power management:

processor	: 3
vendor_id	: GenuineIntel
cpu family	: 6
model		: 23
model name	: Intel(R) Core(TM)2 Quad  CPU   Q8200  @ 2.33GHz
stepping	: 7
microcode	: 0x705
cpu MHz		: 1998.000
cache size	: 2048 KB
physical id	: 0
siblings	: 4
core id		: 2
cpu cores	: 4
apicid		: 2
initial apicid	: 2
fpu		: yes
fpu_exception	: yes
cpuid level	: 10
wp		: yes
flags		: fpu vme de pse tsc msr pae mce cx8 apic sep mtrr pge mca cmov pat pse36 clflush dts acpi mmx fxsr sse sse2 ss ht tm pbe syscall nx lm constant_tsc arch_perfmon pebs bts rep_good nopl aperfmperf pni dtes64 monitor ds_cpl est tm2 ssse3 cx16 xtpr pdcm sse4_1 lahf_lm dtherm
bugs		:
bogomips	: 4666.79
clflush size	: 64
cache_alignment	: 64
address sizes	: 36 bits physical, 48 bits virtual
power management:



Memory: 4k page, physical 8174144k(2664808k free), swap 8384508k(8384508k free)

vm_info: OpenJDK 64-Bit Server VM (25.76-b03) for linux-amd64 JRE (1.8.0_76-release-b03), built on Jun 29 2016 09:39:19 by "builder" with gcc 4.8.4

time: Sat Sep 30 18:14:23 2017
elapsed time: 1 seconds (0d 0h 0m 1s)

